2025-11-24 06:05:48.277073: I tensorflow/core/util/port.cc:153] oneDNN custom operations are on. You may see slightly different numerical results due to floating-point round-off errors from different computation orders. To turn them off, set the environment variable `TF_ENABLE_ONEDNN_OPTS=0`.
2025-11-24 06:05:48.322266: I tensorflow/core/platform/cpu_feature_guard.cc:210] This TensorFlow binary is optimized to use available CPU instructions in performance-critical operations.
To enable the following instructions: AVX2 AVX512F AVX512_VNNI AVX512_BF16 AVX512_FP16 AVX_VNNI AMX_TILE AMX_INT8 AMX_BF16 FMA, in other operations, rebuild TensorFlow with the appropriate compiler flags.
2025-11-24 06:05:49.228231: I tensorflow/core/util/port.cc:153] oneDNN custom operations are on. You may see slightly different numerical results due to floating-point round-off errors from different computation orders. To turn them off, set the environment variable `TF_ENABLE_ONEDNN_OPTS=0`.
Loaded pretrained model gpt2-xl into HookedTransformer
Results will be saved in 'results/' directory.
Splitting dataset into Train (80%) and Validation (20%)...

--- Running Experiment: Condition=attn, Probability=0.5 ---
Loading original model weights...
Found 27 biased layers to target.
Unfreezing parameters for condition: 'attn'
------------------------------
Total parameters:     1,637,762,257
Trainable parameters: 276,652,800
Percentage trainable: 16.89%
Moving model to device:  cpu
Starting training on cpu...
Checkpoints will be saved to: /home/ubuntu/PycharmProjects/diploma/models_finetuned/gpt_2xl
Traceback (most recent call last):
  File "/home/ubuntu/PycharmProjects/diploma/bias_search_classic.py", line 537, in <module>
    results_dataframe = run_experiments(
        model=model,
    ...<12 lines>...
        harness_batch_size=EVAL_HARNESS_BATCH_SIZE
    )
  File "/home/ubuntu/PycharmProjects/diploma/bias_search_classic.py", line 466, in run_experiments
    train_model(
    ~~~~~~~~~~~^
        model=model,
        ^^^^^^^^^^^^
    ...<3 lines>...
        num_epochs=10
        ^^^^^^^^^^^^^
    )
    ^
  File "/home/ubuntu/PycharmProjects/diploma/bias_search_classic.py", line 205, in train_model
    loss.backward()
    ~~~~~~~~~~~~~^^
  File "/home/ubuntu/miniconda3/envs/diploma/lib/python3.13/site-packages/torch/_tensor.py", line 647, in backward
    torch.autograd.backward(
    ~~~~~~~~~~~~~~~~~~~~~~~^
        self, gradient, retain_graph, create_graph, inputs=inputs
        ^^^^^^^^^^^^^^^^^^^^^^^^^^^^^^^^^^^^^^^^^^^^^^^^^^^^^^^^^
    )
    ^
  File "/home/ubuntu/miniconda3/envs/diploma/lib/python3.13/site-packages/torch/autograd/__init__.py", line 354, in backward
    _engine_run_backward(
    ~~~~~~~~~~~~~~~~~~~~^
        tensors,
        ^^^^^^^^
    ...<5 lines>...
        accumulate_grad=True,
        ^^^^^^^^^^^^^^^^^^^^^
    )
    ^
  File "/home/ubuntu/miniconda3/envs/diploma/lib/python3.13/site-packages/torch/autograd/graph.py", line 829, in _engine_run_backward
    return Variable._execution_engine.run_backward(  # Calls into the C++ engine to run the backward pass
           ~~~~~~~~~~~~~~~~~~~~~~~~~~~~~~~~~~~~~~~^^^^^^^^^^^^^^^^^^^^^^^^^^^^^^^^^^^^^^^^^^^^^^^^^^^^^^^
        t_outputs, *args, **kwargs
        ^^^^^^^^^^^^^^^^^^^^^^^^^^
    )  # Calls into the C++ engine to run the backward pass
    ^
KeyboardInterrupt
